B23FE4 = FAN - HIGH TEMP 30
10110010_001_11111_1110_01_00
B25FE4 = FAN - MID TEMP 30
10110010_010_11111_1110_01_00
B29FE4 = FAN - LOW TEMP 30
10110010_100_11111_1110_01_00

B2BFE4 = MODE FAN 30 FAN AUTO
10110010_101_11111_1110_01_00
B2BFBC = MODE HEAT 30 FAN AUTO
10110010_101_11111_1011_11_00
B21FB4 = MODE DRY 30 FAN AUTO
10110010_000_11111_1011_01_00
B2BFB0 = MODE COOL 30 FAN AUTO
10110010_101_11111_1011_00_00

MODE COOL 
10110010_101_11111_1011_00_00 - FAN AUTO
10110010_100_11111_1011_00_00 - FAN LOW
10110010_010_11111_1011_00_00 - FAN MID
10110010_001_11111_1011_00_00 - FAN HIGH
MODE AUTO 
10110010_000_11111_1011_10_00 - FAN AUTO - B21FB8
10110010_100_11111_1011_00_00 - FAN LOW  - B29FB0
10110010_010_11111_1011_00_00 - FAN MID  - B25FB0
10110010_001_11111_1011_00_00 - FAN HIGH - B23FB0

B21FB8 = TEMP 30 AUTO MODE
10110010_000_11111_1011_10_00
B21FA8 = TEMP 29 AUTO MODE
10110010_000_11111_1010_10_00
B21F88 = TEMP 28 AUTO MODE
10110010_000_11111_1000_10_00
B21F98 = TEMP 27 AUTO MODE
10110010_000_11111_1001_10_00
B21FD8 = TEMP 26 AUTO MODE
10110010_000_11111_1101_10_00
B21FC8 = TEMP 25 AUTO MODE
10110010_000_11111_1100_10_00
B21F48 = TEMP 24 AUTO MODE
10110010_000_11111_0100_10_00
B21F58 = TEMP 23 AUTO MODE
10110010_000_11111_0101_10_00
B21F78 = TEMP 22 AUTO MODE
10110010_000_11111_0111_10_00
B21F68 = TEMP 21 AUTO MODE
10110010_000_11111_0110_10_00
B21F28 = TEMP 20 AUTO MODE
10110010_000_11111_0010_10_00
B21F38 = TEMP 19 AUTO MODE
10110010_000_11111_0011_10_00
B21F18 = TEMP 18 AUTO MODE
10110010_000_11111_0001_10_00
B21F08 = TEMP 17 AUTO MODE
10110010_000_11111_0000_10_00

B27BE0 = [[REMOTE OFF AC]]
10110010_011_11011_1110_00_00

B2BFC0 = [[JUST ON]] = MODE COOL | FAN AUTO | TEMP 25
10110010_101_11111_1100_00_00

10110010_(FAN)_11111_(TEMP)_(MODE)_00

MODE COOL | FAN AUTO | TEMP 30
02:16:32.508 -> Encoding  : COOLIX
02:16:32.508 -> Code      : B2BFB0 (24 bits)
02:16:32.555 -> uint16_t rawData[199] = {4398, 4436,  532, 1622,  532, 544,  532, 1624,  532, 1624,  532, 544,  532, 544,  532, 1624,  530, 544,  532, 546,  532, 1624,  530, 546,  532, 546,  532, 1622,  532, 1622,  530, 548,  530, 1624,  530, 1626,  532, 544,  532, 1622,  558, 1596,  534, 1624,  530, 1622,  532, 1622,  532, 1622,  532, 546,  532, 1622,  530, 548,  530, 548,  530, 546,  530, 546,  532, 546,  532, 544,  532, 1624,  552, 524,  530, 1624,  532, 1622,  530, 544,  534, 544,  534, 546,  530, 548,  530, 546,  532, 1622,  530, 546,  532, 546,  532, 1622,  532, 1626,  528, 1626,  530, 1624,  532, 5224,  4398, 4436,  530, 1622,  532, 546,  532, 1624,  530, 1626,  530, 544,  534, 544,  530, 1622,  532, 546,  534, 544,  532, 1624,  532, 544,  530, 546,  532, 1622,  532, 1624,  556, 520,  532, 1624,  532, 1622,  532, 544,  532, 1624,  530, 1624,  530, 1626,  530, 1624,  532, 1622,  532, 1624,  530, 546,  532, 1624,  530, 548,  530, 546,  532, 544,  532, 544,  532, 548,  530, 546,  530, 1624,  530, 546,  530, 1622,  534, 1622,  530, 546,  530, 548,  530, 546,  530, 546,  530, 544,  532, 1626,  530, 546,  532, 546,  530, 1624,  532, 1622,  532, 1624,  530, 1624,  532};  // COOLIX B2BFB0
02:16:32.649 -> uint64_t data = 0xB2BFB0;
02:16:32.649 -> 
10110010_101_11111_1011_00_00

MODE COOL | FAN LOW | TEMP 30
02:16:07.677 -> Encoding  : COOLIX
02:16:07.677 -> Code      : B29FB0 (24 bits)
02:16:07.677 -> uint16_t rawData[199] = {4398, 4434,  534, 1622,  532, 546,  532, 1626,  530, 1624,  530, 544,  534, 544,  532, 1624,  532, 546,  528, 546,  534, 1622,  532, 546,  530, 546,  532, 1624,  530, 1626,  530, 546,  530, 1624,  532, 1624,  532, 546,  532, 546,  532, 1624,  530, 1622,  532, 1624,  532, 1624,  530, 1624,  532, 546,  530, 1626,  530, 1624,  532, 546,  530, 544,  532, 546,  532, 546,  532, 546,  532, 1622,  532, 544,  534, 1624,  530, 1624,  532, 546,  530, 546,  532, 546,  530, 546,  532, 544,  534, 1622,  532, 546,  530, 546,  534, 1622,  530, 1622,  532, 1622,  532, 1624,  530, 5224,  4400, 4434,  532, 1624,  532, 546,  530, 1624,  534, 1622,  530, 546,  532, 546,  532, 1622,  530, 548,  530, 546,  532, 1624,  530, 546,  532, 544,  532, 1622,  532, 1624,  532, 546,  532, 1622,  530, 1624,  530, 546,  532, 544,  532, 1624,  530, 1624,  532, 1622,  530, 1624,  532, 1624,  556, 520,  532, 1624,  530, 1624,  532, 546,  532, 544,  532, 544,  532, 546,  532, 548,  530, 1622,  530, 546,  532, 1622,  532, 1624,  532, 544,  534, 542,  532, 546,  532, 544,  532, 546,  530, 1624,  532, 546,  530, 546,  532, 1622,  532, 1622,  532, 1622,  532, 1622,  530};  // COOLIX B29FB0
02:16:07.772 -> uint64_t data = 0xB29FB0;
02:16:07.772 -> 
10110010_100_11111_1011_00_00

MODE AUTO | FAN AUTO | TEMP 25
02:21:12.868 -> Encoding  : COOLIX
02:21:12.868 -> Code      : B21FC8 (24 bits)
02:21:12.868 -> uint16_t rawData[199] = {4396, 4436,  532, 1622,  532, 546,  530, 1624,  530, 1626,  530, 546,  530, 546,  532, 1624,  530, 548,  528, 546,  532, 1624,  530, 548,  530, 546,  532, 1624,  532, 1624,  530, 548,  530, 1624,  532, 546,  532, 546,  532, 544,  530, 1626,  528, 1626,  530, 1624,  532, 1622,  532, 1622,  530, 1626,  532, 1624,  532, 1622,  532, 544,  530, 546,  532, 546,  530, 546,  530, 548,  530, 1624,  534, 1624,  528, 548,  530, 546,  530, 1624,  532, 546,  530, 546,  530, 546,  530, 546,  532, 546,  530, 1624,  530, 1626,  528, 548,  532, 1622,  532, 1624,  530, 1624,  532, 5226,  4396, 4438,  530, 1624,  532, 546,  530, 1626,  530, 1624,  532, 546,  532, 544,  534, 1622,  530, 548,  530, 546,  530, 1624,  530, 544,  532, 546,  530, 1624,  530, 1624,  530, 546,  530, 1624,  530, 546,  530, 546,  532, 544,  530, 1624,  532, 1622,  530, 1624,  532, 1622,  530, 1626,  530, 1624,  532, 1624,  530, 1624,  530, 548,  530, 546,  530, 546,  530, 546,  530, 546,  532, 1624,  530, 1622,  532, 548,  530, 546,  530, 1624,  532, 546,  532, 544,  532, 546,  530, 546,  532, 544,  532, 1624,  530, 1626,  530, 546,  530, 1622,  532, 1624,  530, 1624,  530};  // COOLIX B21FC8
02:21:13.008 -> uint64_t data = 0xB21FC8;
02:21:13.008 -> 
10110010_000_11111_1100_10_00

//PREV OFF
02:21:11.235 -> Encoding  : COOLIX
02:21:11.235 -> Code      : B27BE0 (24 bits)
02:21:11.235 -> uint16_t rawData[199] = {4394, 4436,  532, 1624,  530, 546,  532, 1626,  530, 1622,  530, 546,  532, 546,  532, 1624,  530, 548,  530, 548,  528, 1626,  530, 546,  532, 544,  534, 1622,  530, 1626,  530, 548,  530, 1624,  530, 546,  530, 1624,  530, 1624,  530, 1624,  530, 1624,  530, 546,  530, 1624,  530, 1626,  530, 1624,  530, 548,  530, 546,  530, 546,  532, 546,  532, 1624,  530, 548,  532, 546,  530, 1624,  532, 1622,  530, 1626,  528, 548,  528, 550,  530, 546,  530, 546,  530, 546,  532, 544,  532, 546,  530, 546,  532, 1624,  530, 1626,  530, 1624,  530, 1624,  530, 1626,  530, 5226,  4396, 4436,  532, 1624,  530, 546,  532, 1624,  530, 1624,  532, 546,  530, 546,  532, 1622,  530, 550,  530, 544,  532, 1624,  530, 546,  530, 546,  532, 1624,  530, 1626,  530, 546,  532, 1624,  530, 546,  530, 1624,  530, 1626,  530, 1624,  530, 1624,  530, 546,  532, 1624,  528, 1624,  532, 1622,  532, 546,  534, 546,  530, 546,  532, 546,  530, 1624,  528, 546,  532, 546,  532, 1624,  530, 1624,  530, 1626,  530, 546,  530, 546,  532, 544,  532, 546,  530, 546,  530, 546,  530, 546,  532, 546,  530, 1624,  528, 1626,  530, 1622,  532, 1624,  532, 1624,  530};  // COOLIX B27BE0
02:21:11.327 -> uint64_t data = 0xB27BE0;
10110010_011_11011_1110_00_00

//PREF OFF BUT TEMP 26
02:24:04.960 -> Encoding  : COOLIX
02:24:04.960 -> Code      : B27BE0 (24 bits)
02:24:04.960 -> uint16_t rawData[199] = {4394, 4438,  530, 1624,  506, 572,  506, 1648,  530, 1626,  530, 548,  530, 548,  530, 1624,  530, 546,  530, 546,  532, 1624,  532, 546,  530, 548,  528, 1624,  530, 1626,  530, 546,  530, 1626,  528, 548,  530, 1626,  528, 1628,  502, 1650,  530, 1624,  532, 546,  530, 1626,  528, 1628,  530, 1624,  530, 546,  532, 546,  530, 548,  526, 548,  530, 1626,  528, 550,  528, 550,  528, 1624,  530, 1624,  504, 1650,  528, 550,  528, 548,  532, 546,  530, 546,  528, 548,  530, 548,  504, 572,  532, 546,  530, 1626,  528, 1628,  528, 1624,  532, 1624,  528, 1626,  528, 5226,  4394, 4438,  530, 1624,  530, 546,  532, 1624,  530, 1624,  528, 550,  530, 546,  530, 1626,  530, 548,  530, 548,  530, 1624,  530, 548,  528, 548,  530, 1626,  530, 1626,  530, 548,  530, 1624,  528, 548,  530, 1624,  532, 1624,  530, 1624,  530, 1626,  528, 548,  530, 1626,  530, 1624,  532, 1626,  504, 572,  530, 546,  530, 548,  522, 556,  528, 1626,  530, 548,  504, 572,  504, 1650,  530, 1626,  528, 1624,  530, 548,  530, 548,  528, 550,  502, 572,  508, 570,  530, 548,  530, 546,  506, 574,  528, 1626,  528, 1626,  502, 1652,  528, 1626,  528, 1628,  504};  // COOLIX B27BE0
02:24:05.100 -> uint64_t data = 0xB27BE0;

10110010_011_11011_1110_00_00

MODE AUTO | FAN AUTO | TEMP 26 - OFF
02:26:43.532 -> Encoding  : COOLIX
02:26:43.532 -> Code      : B27BE0 (24 bits)
02:26:43.532 -> uint16_t rawData[199] = {4396, 4436,  532, 1624,  530, 546,  530, 1626,  530, 1624,  532, 546,  532, 546,  532, 1622,  534, 546,  532, 544,  532, 1624,  530, 546,  532, 546,  530, 1624,  532, 1622,  532, 546,  532, 1624,  530, 546,  532, 1624,  530, 1626,  530, 1624,  530, 1624,  532, 546,  532, 1622,  534, 1624,  532, 1624,  528, 546,  532, 546,  532, 546,  532, 546,  530, 1624,  532, 544,  532, 548,  530, 1622,  532, 1622,  532, 1626,  530, 546,  528, 548,  530, 546,  532, 546,  532, 544,  530, 548,  532, 544,  532, 546,  530, 1626,  532, 1622,  532, 1624,  530, 1624,  530, 1626,  530, 5226,  4398, 4436,  530, 1624,  532, 548,  530, 1622,  534, 1622,  530, 546,  530, 548,  530, 1624,  530, 546,  532, 546,  530, 1624,  530, 546,  530, 546,  532, 1622,  530, 1624,  530, 548,  530, 1624,  530, 546,  530, 1626,  530, 1624,  532, 1624,  530, 1626,  530, 548,  530, 1624,  532, 1622,  532, 1624,  530, 548,  530, 546,  532, 546,  530, 546,  530, 1624,  530, 546,  530, 546,  532, 1622,  532, 1622,  532, 1622,  532, 546,  530, 546,  532, 546,  530, 548,  532, 544,  532, 546,  530, 548,  530, 546,  530, 1624,  530, 1626,  530, 1624,  530, 1624,  530, 1624,  532};  // COOLIX B27BE0
02:26:43.625 -> uint64_t data = 0xB27BE0;
02:26:43.625 -> 
MODE AUTO | FAN AUTO | TEMP 26 - ON
02:26:44.329 -> Encoding  : COOLIX
02:26:44.329 -> Code      : B21FD8 (24 bits)
02:26:44.329 -> uint16_t rawData[199] = {4396, 4436,  532, 1624,  530, 546,  530, 1626,  528, 1624,  530, 548,  530, 546,  532, 1622,  532, 546,  530, 546,  530, 1624,  532, 546,  530, 546,  530, 1622,  532, 1624,  530, 546,  532, 1626,  530, 546,  530, 546,  532, 544,  532, 1622,  532, 1624,  530, 1626,  530, 1624,  532, 1622,  530, 1624,  530, 1626,  532, 1624,  530, 546,  532, 546,  532, 546,  532, 544,  530, 548,  532, 1624,  530, 1624,  530, 546,  532, 1622,  532, 1626,  532, 546,  532, 546,  530, 546,  532, 546,  532, 546,  532, 1624,  530, 546,  532, 544,  532, 1624,  532, 1622,  532, 1624,  530, 5228,  4396, 4436,  532, 1624,  532, 546,  532, 1624,  530, 1624,  532, 546,  532, 544,  534, 1622,  532, 546,  532, 544,  532, 1624,  530, 546,  532, 546,  530, 1626,  530, 1622,  532, 544,  532, 1624,  530, 546,  532, 546,  530, 546,  532, 1624,  530, 1624,  532, 1624,  530, 1626,  532, 1624,  530, 1624,  532, 1626,  530, 1624,  532, 546,  532, 546,  530, 546,  532, 546,  530, 546,  532, 1626,  528, 1624,  532, 546,  528, 1624,  532, 1622,  532, 546,  530, 548,  530, 548,  532, 544,  532, 546,  530, 1626,  530, 546,  530, 546,  530, 1624,  532, 1624,  532, 1622,  532};  // COOLIX B21FD8
02:26:44.423 -> uint64_t data = 0xB21FD8;
02:26:44.423 -> 
10110010_000_11111_1101_10_00

MODE AUTO | FAN AUTO | TEMP 25 - OFF
02:29:18.260 -> Encoding  : COOLIX
02:29:18.260 -> Code      : B27BE0 (24 bits)
02:29:18.260 -> uint16_t rawData[199] = {4424, 4410,  532, 1624,  530, 546,  532, 1622,  532, 1624,  532, 544,  532, 546,  530, 1624,  530, 548,  530, 546,  530, 1626,  530, 546,  532, 544,  532, 1622,  532, 1624,  530, 546,  530, 1626,  530, 546,  530, 1624,  532, 1624,  530, 1624,  554, 1602,  530, 546,  532, 1624,  532, 1624,  532, 1626,  530, 544,  532, 546,  532, 546,  530, 546,  530, 1626,  530, 548,  530, 546,  530, 1624,  530, 1622,  532, 1624,  532, 546,  530, 548,  526, 548,  530, 548,  532, 546,  532, 546,  530, 546,  530, 546,  532, 1624,  530, 1624,  532, 1622,  530, 1624,  532, 1624,  532, 5226,  4396, 4436,  532, 1624,  530, 546,  532, 1624,  532, 1622,  530, 546,  532, 544,  532, 1624,  530, 546,  530, 548,  530, 1624,  530, 546,  530, 546,  530, 1624,  532, 1622,  532, 546,  532, 1624,  530, 548,  528, 1626,  532, 1624,  532, 1622,  534, 1622,  532, 546,  530, 1624,  532, 1624,  530, 1624,  530, 548,  530, 546,  530, 546,  532, 546,  530, 1624,  530, 546,  530, 546,  532, 1624,  530, 1624,  532, 1624,  532, 546,  530, 546,  532, 544,  532, 546,  532, 544,  532, 546,  532, 546,  532, 546,  530, 1624,  530, 1624,  530, 1624,  532, 1624,  530, 1624,  532};  // COOLIX B27BE0
02:29:18.354 -> uint64_t data = 0xB27BE0;
02:29:18.354 -> 
10110010_011_11011_1110_00_00
MODE AUTO | FAN AUTO | TEMP 25 - ON
02:29:19.616 -> Encoding  : COOLIX
02:29:19.616 -> Code      : B21FC8 (24 bits)
02:29:19.665 -> uint16_t rawData[199] = {4396, 4434,  532, 1622,  532, 544,  532, 1624,  530, 1626,  530, 546,  534, 544,  530, 1624,  530, 546,  532, 544,  532, 1622,  532, 548,  530, 546,  530, 1622,  532, 1622,  534, 546,  530, 1626,  530, 546,  532, 548,  530, 546,  532, 1624,  532, 1626,  528, 1626,  532, 1622,  532, 1622,  530, 1624,  532, 1624,  530, 1624,  530, 546,  532, 546,  530, 546,  530, 546,  532, 546,  530, 1626,  530, 1622,  532, 544,  532, 546,  532, 1624,  532, 546,  530, 548,  530, 546,  532, 546,  532, 544,  534, 1624,  530, 1624,  532, 546,  530, 1622,  532, 1624,  530, 1624,  530, 5226,  4398, 4436,  532, 1624,  528, 546,  532, 1624,  532, 1624,  532, 544,  532, 546,  532, 1624,  530, 546,  530, 548,  532, 1622,  532, 546,  532, 546,  532, 1624,  532, 1624,  532, 546,  532, 1620,  534, 544,  532, 546,  532, 546,  532, 1624,  530, 1624,  532, 1622,  530, 1626,  530, 1624,  530, 1626,  530, 1622,  532, 1624,  532, 546,  530, 546,  532, 546,  532, 546,  532, 546,  530, 1622,  532, 1624,  530, 546,  532, 546,  530, 1624,  532, 546,  530, 546,  532, 546,  532, 544,  532, 546,  532, 1624,  532, 1624,  532, 544,  532, 1624,  530, 1624,  532, 1624,  532};  // COOLIX B21FC8
02:29:19.757 -> uint64_t data = 0xB21FC8;
02:29:19.757 -> 
10110010_000_11111_1100_10_00


MODE AUTO | FAN AUTO | TEMP 17 - OFF
02:31:07.433 -> Encoding  : COOLIX
02:31:07.433 -> Code      : B27BE0 (24 bits)
02:31:07.433 -> uint16_t rawData[199] = {4398, 4436,  530, 1624,  504, 572,  504, 1652,  530, 1624,  530, 546,  530, 548,  504, 1654,  528, 546,  506, 572,  504, 1650,  530, 548,  528, 548,  528, 1628,  502, 1652,  528, 548,  504, 1650,  530, 548,  528, 1626,  530, 1628,  506, 1648,  530, 1626,  528, 548,  528, 1626,  504, 1652,  528, 1624,  528, 550,  528, 550,  528, 548,  528, 548,  530, 1624,  504, 574,  528, 550,  504, 1650,  530, 1624,  504, 1652,  502, 572,  504, 574,  528, 550,  528, 548,  528, 548,  530, 546,  528, 550,  530, 548,  530, 1624,  504, 1652,  530, 1624,  528, 1628,  530, 1626,  528, 5228,  4372, 4462,  530, 1624,  504, 572,  504, 1652,  530, 1624,  530, 548,  530, 546,  504, 1652,  528, 548,  528, 550,  528, 1626,  530, 548,  504, 572,  528, 1626,  528, 1626,  528, 548,  528, 1624,  504, 574,  528, 1626,  502, 1652,  528, 1626,  530, 1626,  530, 548,  504, 1650,  530, 1624,  528, 1624,  532, 548,  502, 574,  504, 574,  528, 548,  504, 1652,  504, 572,  530, 546,  504, 1650,  530, 1626,  504, 1650,  528, 550,  530, 548,  528, 548,  530, 548,  528, 548,  528, 550,  504, 574,  528, 548,  528, 1626,  530, 1624,  506, 1650,  530, 1626,  530, 1624,  530};  // COOLIX B27BE0
02:31:07.527 -> uint64_t data = 0xB27BE0;
02:31:07.527 -> 
10110010_011_11011_1110_00_00
MODE AUTO | FAN AUTO | TEMP 17 - ON
02:31:08.135 -> Encoding  : COOLIX
02:31:08.135 -> Code      : B21F08 (24 bits)
02:31:08.135 -> uint16_t rawData[199] = {4398, 4436,  528, 1628,  528, 548,  530, 1624,  528, 1628,  528, 548,  504, 572,  504, 1652,  504, 572,  526, 550,  528, 1626,  504, 572,  528, 548,  530, 1626,  528, 1624,  530, 550,  502, 1650,  528, 548,  528, 548,  506, 572,  528, 1626,  530, 1624,  528, 1628,  502, 1652,  526, 1626,  530, 1626,  530, 1624,  530, 1626,  528, 548,  528, 548,  530, 548,  528, 548,  528, 548,  528, 550,  504, 574,  504, 572,  528, 548,  528, 1626,  532, 548,  528, 548,  530, 546,  530, 1626,  526, 1628,  530, 1624,  530, 1624,  530, 548,  530, 1626,  528, 1626,  530, 1626,  530, 5226,  4396, 4438,  528, 1626,  530, 548,  530, 1624,  530, 1626,  528, 548,  530, 546,  530, 1624,  532, 546,  530, 548,  530, 1624,  504, 574,  530, 548,  528, 1626,  528, 1626,  530, 548,  528, 1624,  530, 548,  502, 574,  528, 548,  528, 1628,  528, 1626,  530, 1626,  528, 1628,  528, 1626,  528, 1626,  530, 1624,  504, 1652,  528, 548,  530, 548,  506, 570,  530, 548,  528, 550,  526, 550,  528, 548,  530, 548,  504, 572,  504, 1652,  528, 548,  502, 574,  528, 548,  528, 1626,  504, 1650,  528, 1626,  514, 1640,  530, 548,  528, 1626,  506, 1650,  502, 1652,  530};  // COOLIX B21F08
02:31:08.228 -> uint64_t data = 0xB21F08;
02:31:08.228 -> 
10110010_000_11111_0000_10_00



