#FAN

### TEMP 30 FAN - HIGH
-> Encoding  : COOLIX
-> Code      : B23FE4 (24 bits)
-> uint16_t rawData[199] = {4398, 4436,  532, 1624,  532, 544,  532, 1624,  532, 1622,  532, 546,  532, 544,  534, 1626,  532, 544,  532, 546,  534, 1622,  532, 544,  532, 548,  530, 1624,  532, 1622,  534, 544,  532, 1622,  532, 546,  532, 546,  532, 1624,  530, 1624,  532, 1624,  532, 1626,  530, 1624,  532, 1622,  534, 1622,  532, 1626,  530, 546,  530, 546,  532, 544,  534, 544,  532, 548,  532, 546,  530, 1624,  532, 1624,  530, 1624,  532, 544,  532, 546,  530, 1624,  530, 546,  532, 546,  532, 542,  534, 546,  530, 546,  532, 1624,  532, 1622,  532, 544,  532, 1622,  532, 1626,  530, 5228,  4398, 4438,  532, 1622,  532, 546,  532, 1622,  532, 1624,  532, 546,  530, 548,  532, 1624,  532, 546,  532, 546,  534, 1624,  530, 546,  534, 544,  530, 1624,  530, 1624,  532, 546,  532, 1624,  532, 546,  532, 544,  532, 1624,  532, 1624,  532, 1624,  532, 1622,  532, 1622,  532, 1622,  534, 1624,  532, 1626,  530, 544,  534, 544,  534, 544,  532, 546,  532, 546,  532, 546,  532, 1622,  532, 1624,  530, 1622,  532, 546,  532, 544,  534, 1622,  532, 546,  532, 544,  532, 546,  532, 546,  530, 548,  530, 1624,  532, 1622,  532, 546,  532, 1624,  534, 1622,  532};  // COOLIX B23FE4
-> uint64_t data = 0xB23FE4;

### TEMP 30 FAN - MID
-> Encoding  : COOLIX
-> Code      : B25FE4 (24 bits)
-> uint16_t rawData[199] = {4398, 4434,  532, 1624,  532, 544,  534, 1622,  532, 1622,  532, 546,  534, 544,  532, 1622,  532, 544,  534, 544,  532, 1622,  532, 548,  530, 546,  532, 1622,  532, 1622,  534, 542,  532, 1622,  534, 546,  532, 1624,  530, 546,  532, 1622,  530, 1624,  532, 1622,  532, 1624,  532, 1622,  534, 1622,  532, 544,  532, 1624,  532, 546,  532, 544,  530, 546,  530, 544,  534, 542,  534, 1624,  532, 1624,  530, 1622,  532, 544,  534, 546,  532, 1622,  532, 544,  532, 546,  530, 546,  532, 544,  532, 544,  532, 1622,  532, 1624,  532, 544,  532, 1624,  532, 1622,  532, 5224,  4398, 4436,  532, 1622,  532, 546,  532, 1624,  530, 1626,  532, 546,  532, 546,  532, 1622,  532, 546,  532, 544,  534, 1624,  530, 546,  532, 546,  532, 1622,  534, 1622,  532, 546,  530, 1624,  532, 544,  532, 1624,  532, 544,  532, 1624,  530, 1626,  530, 1622,  532, 1622,  532, 1624,  530, 1622,  532, 546,  530, 1624,  532, 546,  532, 544,  532, 546,  532, 544,  532, 546,  532, 1622,  532, 1622,  534, 1622,  534, 544,  532, 544,  530, 1626,  532, 546,  532, 544,  532, 544,  532, 544,  532, 546,  532, 1624,  532, 1622,  532, 546,  532, 1622,  532, 1622,  532};  // COOLIX B25FE4
-> uint64_t data = 0xB25FE4;

### TEMP 30 FAN - LOW
-> Encoding  : COOLIX
-> Code      : B29FE4 (24 bits)
-> uint16_t rawData[199] = {4398, 4438,  532, 1624,  532, 544,  532, 1622,  532, 1624,  532, 546,  530, 546,  532, 1624,  532, 544,  532, 546,  532, 1624,  532, 544,  532, 546,  532, 1622,  532, 1624,  532, 544,  532, 1624,  530, 1624,  534, 544,  532, 546,  532, 1622,  532, 1624,  530, 1626,  526, 1626,  532, 1624,  530, 546,  532, 1622,  532, 1622,  532, 544,  532, 546,  532, 546,  532, 544,  532, 546,  532, 1622,  534, 1622,  532, 1624,  530, 546,  530, 546,  534, 1622,  530, 548,  530, 546,  530, 546,  530, 546,  532, 546,  532, 1624,  530, 1624,  532, 544,  534, 1624,  530, 1622,  534, 5224,  4398, 4436,  530, 1622,  532, 546,  532, 1624,  532, 1624,  532, 546,  532, 544,  532, 1622,  534, 546,  532, 544,  532, 1624,  530, 546,  532, 546,  530, 1622,  532, 1624,  532, 546,  534, 1622,  532, 1622,  532, 546,  532, 544,  534, 1622,  532, 1624,  532, 1622,  532, 1624,  532, 1622,  532, 546,  532, 1624,  530, 1622,  534, 544,  534, 544,  532, 546,  530, 544,  532, 546,  532, 1622,  530, 1624,  532, 1622,  532, 548,  530, 546,  532, 1624,  530, 544,  534, 544,  532, 544,  532, 546,  532, 544,  532, 1622,  532, 1622,  534, 544,  532, 1622,  530, 1626,  530};  // COOLIX B29FE4
-> uint64_t data = 0xB29FE4;

### TEMP # MODES

30 FAN MODE | AUTO 
-> Encoding  : COOLIX
-> Code      : B2BFE4 (24 bits)
-> uint16_t rawData[199] = {4398, 4434,  532, 1624,  532, 546,  532, 1622,  532, 1624,  530, 546,  532, 544,  532, 1624,  530, 546,  530, 546,  534, 1620,  532, 546,  532, 546,  532, 1622,  532, 1622,  532, 546,  530, 1622,  532, 1624,  532, 544,  534, 1620,  534, 1622,  532, 1622,  530, 1624,  530, 1624,  532, 1624,  532, 546,  530, 1624,  532, 544,  532, 546,  532, 546,  530, 544,  532, 544,  534, 546,  532, 1622,  532, 1624,  530, 1626,  530, 546,  530, 546,  532, 1622,  534, 544,  534, 546,  530, 548,  530, 546,  532, 544,  532, 1624,  532, 1624,  530, 546,  530, 1624,  532, 1622,  532, 5224,  4398, 4434,  532, 1624,  532, 546,  532, 1622,  532, 1622,  534, 544,  532, 546,  530, 1624,  530, 546,  532, 546,  530, 1626,  530, 546,  530, 546,  532, 1622,  532, 1624,  530, 546,  532, 1624,  530, 1624,  532, 544,  532, 1622,  534, 1622,  532, 1622,  532, 1622,  530, 1624,  532, 1624,  530, 548,  530, 1624,  532, 546,  532, 546,  530, 546,  532, 546,  532, 546,  530, 546,  532, 1622,  532, 1622,  532, 1624,  530, 546,  532, 546,  530, 1624,  530, 548,  532, 544,  532, 546,  532, 546,  532, 546,  532, 1622,  532, 1624,  530, 544,  532, 1624,  532, 1622,  532};  // COOLIX B2BFE4
-> uint64_t data = 0xB2BFE4;



### TEMP 30 HEAT
-> Encoding  : COOLIX
-> Code      : B2BFBC (24 bits)
-> uint16_t rawData[199] = {4396, 4436,  506, 1650,  504, 574,  502, 1652,  504, 1650,  504, 572,  530, 548,  530, 1626,  504, 574,  502, 574,  530, 1624,  532, 546,  530, 548,  506, 1650,  528, 1628,  504, 570,  530, 1626,  528, 1626,  530, 546,  528, 1628,  504, 1650,  532, 1624,  518, 1636,  504, 1652,  504, 1650,  506, 572,  530, 1624,  506, 570,  504, 572,  530, 548,  530, 548,  506, 570,  530, 548,  530, 1624,  506, 572,  530, 1626,  504, 1650,  530, 1624,  530, 1626,  504, 574,  504, 572,  530, 548,  504, 1652,  530, 546,  530, 548,  504, 572,  506, 572,  520, 1634,  504, 1650,  530, 5228,  4396, 4438,  504, 1650,  532, 546,  528, 1626,  528, 1626,  504, 574,  504, 574,  530, 1624,  506, 570,  532, 548,  528, 1624,  530, 548,  508, 570,  528, 1626,  532, 1624,  530, 548,  530, 1624,  530, 1626,  528, 548,  530, 1626,  528, 1624,  530, 1626,  530, 1624,  532, 1624,  506, 1650,  530, 548,  528, 1626,  530, 546,  532, 546,  530, 546,  532, 548,  528, 546,  530, 548,  528, 1628,  528, 546,  532, 1626,  530, 1624,  530, 1626,  518, 1638,  530, 546,  530, 546,  530, 546,  530, 1624,  530, 548,  530, 548,  528, 548,  530, 546,  532, 1624,  530, 1626,  526};  // COOLIX B2BFBC
-> uint64_t data = 0xB2BFBC;

### TEMP 30 DRY FAN AUTO
-> Encoding  : COOLIX
-> Code      : B21FB4 (24 bits)
-> uint16_t rawData[199] = {4396, 4436,  504, 1652,  504, 572,  532, 1622,  506, 1650,  532, 546,  530, 546,  530, 1626,  530, 546,  530, 546,  532, 1624,  532, 546,  506, 572,  530, 1624,  506, 1650,  528, 546,  530, 1626,  506, 572,  504, 572,  506, 572,  504, 1650,  506, 1648,  532, 1624,  530, 1624,  530, 1626,  504, 1650,  528, 1626,  506, 1650,  504, 574,  528, 548,  530, 546,  530, 546,  530, 548,  532, 1622,  532, 546,  530, 1624,  504, 1650,  528, 550,  530, 1626,  504, 574,  530, 546,  532, 546,  530, 1626,  528, 546,  532, 546,  528, 1626,  530, 546,  506, 1650,  528, 1624,  530, 5226,  4396, 4438,  528, 1624,  530, 548,  532, 1622,  506, 1650,  528, 550,  528, 548,  530, 1624,  530, 546,  532, 546,  530, 1626,  530, 546,  506, 572,  528, 1626,  530, 1624,  506, 572,  506, 1648,  530, 548,  504, 572,  510, 568,  530, 1626,  510, 1644,  530, 1626,  530, 1624,  530, 1624,  530, 1624,  506, 1648,  506, 1650,  530, 546,  528, 550,  530, 546,  532, 544,  530, 546,  532, 1624,  528, 548,  528, 1624,  504, 1650,  504, 572,  506, 1648,  528, 548,  528, 548,  506, 570,  530, 1626,  506, 572,  530, 548,  530, 1624,  530, 546,  530, 1624,  530, 1626,  530};  // COOLIX B21FB4
-> uint64_t data = 0xB21FB4;

### TEMP 30 COOL
-> Encoding  : COOLIX
-> Code      : B2BFB0 (24 bits)
-> uint16_t rawData[199] = {4394, 4438,  530, 1624,  528, 548,  532, 1624,  504, 1652,  504, 572,  506, 574,  530, 1626,  528, 548,  526, 550,  530, 1626,  528, 548,  530, 546,  504, 1650,  530, 1624,  530, 548,  528, 1628,  502, 1652,  528, 548,  530, 1624,  506, 1650,  532, 1624,  530, 1624,  530, 1624,  530, 1626,  504, 572,  504, 1654,  528, 548,  502, 576,  528, 546,  528, 550,  526, 550,  506, 572,  504, 1650,  530, 548,  528, 1624,  530, 1626,  504, 572,  506, 572,  506, 572,  504, 574,  530, 546,  532, 1622,  532, 546,  506, 570,  530, 1626,  504, 1650,  502, 1654,  526, 1628,  530, 5226,  4370, 4462,  504, 1650,  504, 574,  530, 1624,  530, 1626,  504, 570,  532, 548,  528, 1626,  528, 550,  530, 546,  528, 1628,  504, 572,  532, 548,  528, 1626,  530, 1626,  530, 544,  506, 1650,  530, 1624,  504, 572,  530, 1624,  530, 1626,  506, 1650,  504, 1650,  504, 1650,  528, 1626,  528, 548,  528, 1626,  528, 550,  504, 570,  530, 548,  530, 548,  504, 574,  530, 548,  530, 1626,  528, 548,  528, 1626,  532, 1624,  530, 548,  530, 548,  502, 576,  502, 574,  524, 552,  530, 1626,  528, 548,  528, 548,  504, 1652,  530, 1626,  504, 1650,  530, 1626,  532};  // COOLIX B2BFB0
-> uint64_t data = 0xB2BFB0;



# AUTO MODE | WITH TEMP
### TEMP 30
-> Encoding  : COOLIX
-> Code      : B21FB8 (24 bits)
-> uint16_t rawData[199] = {4394, 4438,  532, 1624,  530, 548,  530, 1626,  530, 1628,  502, 572,  506, 572,  506, 1648,  508, 568,  528, 548,  508, 1648,  502, 574,  504, 572,  504, 1650,  530, 1624,  528, 548,  504, 1648,  506, 570,  506, 574,  528, 548,  530, 1624,  530, 1626,  528, 1626,  528, 1628,  504, 1650,  530, 1626,  530, 1626,  528, 1624,  530, 548,  530, 548,  530, 546,  530, 548,  528, 548,  504, 1652,  504, 570,  530, 1626,  504, 1648,  532, 1624,  530, 546,  516, 562,  528, 548,  506, 572,  530, 1624,  532, 546,  530, 546,  506, 572,  504, 1650,  504, 1652,  530, 1624,  530, 5226,  4394, 4438,  504, 1650,  528, 548,  530, 1624,  530, 1624,  530, 548,  506, 572,  504, 1648,  530, 546,  532, 548,  528, 1624,  506, 572,  504, 572,  504, 1650,  530, 1624,  530, 546,  532, 1624,  504, 576,  502, 574,  528, 550,  504, 1650,  532, 1624,  530, 1624,  530, 1624,  528, 1626,  530, 1622,  530, 1626,  506, 1648,  504, 572,  506, 572,  528, 548,  530, 548,  504, 572,  530, 1624,  504, 574,  504, 1652,  530, 1624,  530, 1624,  502, 574,  504, 570,  504, 574,  504, 572,  528, 1624,  530, 546,  532, 546,  528, 548,  532, 1624,  504, 1650,  530, 1626,  530};  // COOLIX B21FB8
-> uint64_t data = 0xB21FB8;
### TEMP 29
-> Encoding  : COOLIX
-> Code      : B21FA8 (24 bits)
-> uint16_t rawData[199] = {4396, 4438,  504, 1652,  528, 548,  528, 1626,  530, 1626,  530, 548,  528, 546,  530, 1626,  504, 572,  530, 546,  532, 1624,  528, 548,  530, 546,  530, 1624,  530, 1624,  530, 546,  506, 1648,  530, 548,  530, 546,  530, 548,  532, 1624,  532, 1622,  532, 1624,  530, 1624,  530, 1624,  532, 1624,  504, 1650,  528, 1628,  530, 546,  506, 572,  530, 544,  530, 548,  504, 572,  530, 1624,  532, 546,  530, 1624,  506, 572,  530, 1626,  508, 566,  506, 572,  526, 550,  530, 546,  532, 1624,  528, 548,  508, 1650,  530, 546,  532, 1624,  530, 1624,  530, 1624,  530, 5226,  4374, 4458,  506, 1650,  530, 546,  530, 1626,  532, 1624,  504, 572,  530, 546,  532, 1622,  532, 546,  530, 548,  530, 1626,  530, 546,  532, 546,  530, 1624,  530, 1624,  530, 548,  506, 1648,  530, 546,  532, 546,  504, 572,  504, 1652,  514, 1640,  504, 1650,  530, 1624,  508, 1648,  528, 1626,  530, 1624,  530, 1624,  530, 548,  530, 548,  504, 572,  504, 574,  504, 572,  530, 1626,  530, 544,  534, 1622,  506, 572,  512, 1642,  530, 546,  530, 546,  530, 546,  530, 546,  530, 1624,  530, 548,  504, 1648,  504, 574,  530, 1624,  504, 1650,  506, 1648,  530};  // COOLIX B21FA8
-> uint64_t data = 0xB21FA8;
### TEMP 28
-> Encoding  : COOLIX
-> Code      : B21F88 (24 bits)
-> uint16_t rawData[199] = {4370, 4462,  532, 1624,  530, 546,  530, 1624,  530, 1626,  530, 544,  504, 574,  506, 1650,  528, 548,  530, 548,  530, 1624,  532, 546,  530, 548,  528, 1626,  530, 1626,  528, 548,  530, 1624,  530, 546,  506, 572,  532, 546,  530, 1624,  532, 1624,  530, 1624,  532, 1624,  504, 1650,  530, 1624,  530, 1624,  530, 1624,  532, 546,  506, 572,  530, 546,  504, 576,  504, 572,  506, 1648,  530, 546,  506, 570,  532, 546,  530, 1626,  530, 546,  528, 548,  530, 546,  530, 548,  530, 1624,  530, 1624,  530, 1626,  530, 546,  530, 1626,  506, 1650,  504, 1652,  528, 5228,  4394, 4440,  504, 1650,  504, 572,  506, 1650,  506, 1650,  506, 572,  530, 548,  530, 1624,  530, 546,  530, 546,  530, 1626,  528, 550,  528, 548,  528, 1626,  528, 1626,  504, 574,  530, 1626,  504, 574,  504, 574,  504, 572,  504, 1650,  504, 1650,  532, 1624,  530, 1626,  530, 1626,  528, 1626,  530, 1624,  530, 1626,  504, 576,  526, 548,  530, 548,  504, 572,  528, 548,  528, 1630,  502, 574,  504, 574,  526, 552,  526, 1626,  504, 574,  528, 550,  530, 546,  528, 548,  528, 1626,  504, 1650,  504, 1650,  528, 550,  528, 1628,  504, 1650,  530, 1626,  504};  // COOLIX B21F88
-> uint64_t data = 0xB21F88;
### TEMP 27
-> Encoding  : COOLIX
-> Code      : B21F98 (24 bits)
-> uint16_t rawData[199] = {4396, 4438,  530, 1626,  532, 544,  530, 1626,  530, 1626,  506, 572,  530, 548,  504, 1650,  532, 546,  530, 548,  530, 1626,  528, 548,  532, 546,  504, 1650,  502, 1652,  506, 572,  528, 1628,  528, 548,  506, 570,  506, 572,  504, 1650,  530, 1626,  506, 1646,  532, 1624,  504, 1650,  530, 1624,  530, 1624,  504, 1652,  506, 570,  506, 570,  530, 546,  506, 572,  530, 546,  530, 1624,  506, 570,  506, 572,  504, 1650,  530, 1624,  530, 548,  530, 546,  532, 546,  530, 546,  530, 1624,  508, 1648,  530, 548,  530, 548,  530, 1626,  528, 1628,  530, 1624,  530, 5228,  4370, 4462,  530, 1626,  528, 548,  530, 1624,  508, 1648,  506, 572,  530, 548,  530, 1626,  530, 546,  532, 546,  530, 1626,  506, 572,  530, 546,  530, 1624,  532, 1624,  528, 548,  504, 1652,  530, 546,  530, 548,  504, 572,  530, 1624,  506, 1650,  528, 1626,  504, 1648,  530, 1624,  508, 1648,  530, 1626,  504, 1648,  530, 548,  528, 548,  530, 548,  532, 548,  528, 548,  506, 1650,  530, 548,  528, 548,  530, 1626,  530, 1624,  532, 546,  530, 546,  528, 548,  530, 546,  530, 1626,  504, 1652,  530, 546,  530, 546,  530, 1624,  504, 1650,  530, 1626,  530};  // COOLIX B21F98
-> uint64_t data = 0xB21F98;
### TEMP 26
-> Encoding  : COOLIX
-> Code      : B21FD8 (24 bits)
-> uint16_t rawData[199] = {4396, 4438,  504, 1650,  532, 548,  504, 1650,  520, 1636,  504, 572,  530, 548,  504, 1650,  504, 574,  506, 570,  504, 1652,  504, 572,  530, 548,  532, 1622,  506, 1652,  502, 574,  506, 1650,  530, 548,  530, 548,  528, 550,  504, 1650,  504, 1650,  506, 1650,  530, 1626,  506, 1648,  506, 1650,  504, 1650,  504, 1648,  506, 572,  530, 546,  532, 546,  530, 546,  506, 570,  532, 1624,  524, 1630,  530, 546,  506, 1652,  504, 1650,  530, 548,  504, 574,  528, 548,  530, 548,  506, 570,  504, 1652,  506, 572,  530, 548,  504, 1650,  530, 1626,  504, 1650,  504, 5252,  4394, 4440,  504, 1652,  528, 548,  530, 1626,  530, 1624,  506, 572,  532, 546,  506, 1650,  504, 574,  528, 548,  504, 1650,  528, 548,  532, 546,  506, 1650,  528, 1624,  506, 572,  504, 1650,  506, 572,  508, 568,  506, 572,  506, 1650,  504, 1650,  506, 1648,  530, 1626,  506, 1650,  530, 1626,  504, 1652,  504, 1650,  506, 570,  530, 548,  528, 546,  506, 572,  530, 548,  528, 1626,  528, 1626,  530, 548,  528, 1626,  530, 1626,  504, 574,  530, 548,  528, 548,  528, 548,  530, 546,  530, 1624,  530, 548,  506, 570,  530, 1624,  506, 1650,  506, 1650,  506};  // COOLIX B21FD8
-> uint64_t data = 0xB21FD8;
### TEMP 25
-> Encoding  : COOLIX
-> Code      : B21FC8 (24 bits)
-> uint16_t rawData[199] = {4398, 4436,  530, 1624,  530, 548,  530, 1624,  532, 1624,  532, 546,  532, 546,  530, 1624,  532, 546,  532, 546,  532, 1624,  530, 546,  530, 546,  532, 1622,  532, 1624,  532, 544,  534, 1624,  532, 546,  530, 546,  530, 548,  530, 1624,  530, 1624,  532, 1624,  532, 1622,  532, 1622,  532, 1624,  530, 1624,  530, 1624,  530, 548,  530, 544,  532, 546,  534, 544,  532, 546,  532, 1624,  530, 1622,  532, 546,  530, 546,  530, 1624,  532, 544,  532, 546,  530, 546,  532, 546,  532, 544,  532, 1624,  532, 1624,  532, 546,  532, 1624,  530, 1624,  532, 1624,  530, 5224,  4396, 4436,  530, 1624,  532, 546,  554, 1600,  532, 1624,  532, 546,  532, 544,  532, 1624,  530, 546,  532, 544,  530, 1624,  532, 546,  532, 544,  534, 1622,  530, 1626,  530, 544,  532, 1624,  534, 544,  530, 546,  532, 544,  532, 1624,  532, 1624,  530, 1622,  532, 1622,  532, 1624,  532, 1624,  530, 1622,  534, 1622,  532, 546,  532, 546,  532, 544,  532, 546,  530, 546,  532, 1624,  532, 1624,  530, 548,  530, 546,  532, 1624,  532, 546,  532, 544,  532, 544,  532, 544,  534, 544,  532, 1622,  532, 1622,  532, 546,  532, 1622,  534, 1622,  532, 1624,  532};  // COOLIX B21FC8
-> uint64_t data = 0xB21FC8;
### TEMP 24
-> Encoding  : COOLIX
-> Code      : B21F48 (24 bits)
-> uint16_t rawData[199] = {4392, 4440,  504, 1652,  504, 574,  504, 1650,  506, 1650,  504, 572,  504, 574,  504, 1652,  504, 572,  504, 574,  504, 1652,  502, 572,  504, 574,  504, 1652,  504, 1652,  502, 572,  506, 1648,  506, 572,  530, 546,  504, 572,  506, 1650,  506, 1652,  504, 1650,  504, 1650,  504, 1652,  506, 1650,  502, 1650,  506, 1650,  504, 572,  504, 572,  504, 574,  504, 574,  504, 572,  506, 572,  504, 1650,  504, 574,  504, 572,  504, 1652,  502, 572,  504, 574,  504, 572,  506, 1650,  504, 574,  504, 1654,  500, 1652,  504, 576,  502, 1650,  504, 1652,  504, 1652,  502, 5254,  4396, 4436,  504, 1650,  506, 572,  504, 1650,  506, 1652,  504, 572,  504, 572,  504, 1652,  502, 574,  506, 572,  504, 1650,  506, 572,  506, 572,  504, 1652,  502, 1652,  506, 572,  504, 1652,  502, 574,  504, 572,  532, 546,  506, 1648,  516, 1642,  502, 1652,  502, 1650,  504, 1652,  502, 1652,  504, 1650,  504, 1652,  504, 570,  506, 572,  504, 572,  504, 574,  504, 572,  504, 574,  502, 1650,  504, 574,  504, 572,  506, 1650,  504, 574,  504, 574,  504, 574,  504, 1650,  504, 572,  506, 1650,  528, 1624,  506, 572,  504, 1650,  504, 1650,  504, 1652,  504};  // COOLIX B21F48
-> uint64_t data = 0xB21F48;
### TEMP 23
-> Encoding  : COOLIX
-> Code      : B21F58 (24 bits)
-> uint16_t rawData[199] = {4396, 4438,  530, 1622,  532, 546,  532, 1624,  530, 1624,  532, 546,  532, 546,  532, 1624,  532, 544,  532, 544,  532, 1624,  532, 546,  530, 546,  532, 1622,  530, 1622,  532, 544,  532, 1626,  532, 544,  532, 546,  532, 546,  530, 1624,  532, 1622,  530, 1626,  528, 1626,  530, 1624,  532, 1622,  532, 1626,  530, 1622,  532, 546,  530, 544,  530, 546,  532, 546,  532, 544,  532, 546,  530, 1624,  530, 546,  532, 1624,  530, 1624,  530, 546,  532, 544,  532, 546,  532, 1624,  530, 544,  532, 1624,  530, 546,  532, 546,  532, 1622,  532, 1622,  530, 1624,  530, 5226,  4396, 4434,  532, 1624,  530, 546,  532, 1624,  532, 1624,  530, 546,  532, 544,  532, 1624,  530, 546,  530, 548,  530, 1624,  530, 546,  530, 548,  530, 1622,  532, 1624,  532, 544,  530, 1626,  530, 546,  530, 548,  532, 544,  530, 1624,  532, 1626,  530, 1624,  530, 1622,  532, 1624,  530, 1626,  528, 1628,  530, 1622,  532, 546,  530, 546,  532, 546,  532, 546,  532, 546,  530, 546,  530, 1624,  532, 546,  532, 1622,  530, 1626,  530, 546,  530, 546,  532, 544,  530, 1624,  530, 546,  532, 1624,  530, 546,  532, 544,  532, 1624,  530, 1624,  530, 1626,  528};  // COOLIX B21F58
-> uint64_t data = 0xB21F58;
### TEMP 22
-> Encoding  : COOLIX
-> Code      : B21F78 (24 bits)
-> uint16_t rawData[199] = {4396, 4436,  530, 1626,  530, 546,  516, 1638,  530, 1626,  528, 546,  530, 546,  530, 1626,  530, 544,  532, 546,  504, 1648,  526, 552,  504, 574,  504, 1652,  502, 1652,  528, 548,  530, 1624,  506, 570,  530, 548,  504, 574,  530, 1626,  502, 1650,  530, 1628,  500, 1652,  530, 1626,  506, 1648,  530, 1624,  530, 1626,  504, 572,  530, 548,  506, 572,  528, 550,  530, 546,  530, 546,  530, 1624,  504, 1650,  506, 1650,  506, 1650,  530, 548,  528, 550,  506, 570,  530, 1628,  528, 548,  506, 570,  528, 548,  532, 546,  530, 1626,  530, 1628,  500, 1652,  528, 5228,  4392, 4438,  534, 1624,  502, 572,  506, 1650,  506, 1650,  528, 548,  530, 548,  530, 1624,  530, 546,  530, 546,  506, 1650,  506, 570,  528, 550,  504, 1648,  506, 1650,  530, 548,  504, 1648,  506, 572,  530, 546,  528, 550,  530, 1624,  528, 1626,  530, 1626,  530, 1628,  504, 1650,  502, 1652,  530, 1624,  532, 1624,  528, 548,  504, 574,  504, 572,  530, 546,  530, 548,  530, 548,  528, 1626,  528, 1624,  506, 1650,  504, 1648,  506, 572,  504, 572,  530, 546,  528, 1628,  528, 546,  506, 570,  530, 548,  530, 546,  506, 1648,  506, 1650,  528, 1626,  530};  // COOLIX B21F78
-> uint64_t data = 0xB21F78;
### TEMP 21
-> Encoding  : COOLIX
-> Code      : B21F68 (24 bits)
-> uint16_t rawData[199] = {4396, 4436,  532, 1624,  506, 574,  528, 1626,  504, 1652,  528, 548,  530, 546,  506, 1652,  504, 572,  530, 550,  528, 1624,  528, 550,  530, 546,  530, 1624,  510, 1644,  504, 572,  530, 1624,  552, 524,  532, 546,  530, 548,  528, 1626,  530, 1626,  530, 1624,  530, 1624,  504, 1652,  504, 1650,  530, 1624,  530, 1626,  504, 572,  528, 550,  502, 574,  528, 550,  528, 548,  506, 570,  504, 1652,  530, 1626,  530, 546,  506, 1652,  528, 548,  508, 570,  506, 570,  532, 1626,  528, 548,  530, 546,  532, 1624,  506, 572,  530, 1626,  504, 1650,  504, 1650,  530, 5230,  4396, 4438,  530, 1626,  530, 546,  530, 1624,  530, 1624,  532, 546,  530, 548,  530, 1624,  530, 548,  530, 546,  506, 1650,  504, 574,  532, 546,  528, 1626,  530, 1626,  530, 546,  504, 1652,  530, 548,  530, 548,  530, 546,  506, 1650,  530, 1626,  504, 1652,  528, 1624,  506, 1650,  530, 1626,  504, 1650,  532, 1624,  504, 572,  506, 570,  506, 572,  528, 550,  502, 574,  530, 546,  514, 1640,  532, 1624,  530, 546,  506, 1648,  506, 572,  530, 548,  504, 572,  530, 1626,  530, 546,  530, 548,  530, 1624,  530, 548,  530, 1624,  530, 1626,  504, 1654,  528};  // COOLIX B21F68
-> uint64_t data = 0xB21F68;
### TEMP 20
-> Encoding  : COOLIX
-> Code      : B21F28 (24 bits)
-> uint16_t rawData[199] = {4396, 4440,  504, 1650,  504, 574,  528, 1628,  528, 1628,  504, 572,  504, 574,  528, 1628,  530, 548,  528, 546,  532, 1624,  530, 546,  530, 548,  528, 1628,  504, 1650,  530, 548,  530, 1626,  530, 546,  530, 548,  530, 548,  504, 1650,  530, 1626,  526, 1628,  530, 1626,  530, 1624,  530, 1624,  530, 1624,  530, 1626,  504, 572,  530, 548,  530, 546,  530, 548,  530, 548,  530, 546,  504, 572,  506, 1650,  504, 574,  530, 1624,  506, 570,  530, 548,  528, 548,  530, 1626,  530, 1626,  528, 548,  530, 1626,  530, 548,  506, 1650,  528, 1626,  526, 1626,  506, 5252,  4396, 4436,  530, 1626,  530, 544,  530, 1626,  530, 1624,  532, 546,  528, 548,  530, 1624,  504, 572,  506, 570,  528, 1628,  504, 572,  530, 546,  532, 1622,  532, 1624,  530, 548,  530, 1626,  528, 546,  530, 548,  530, 546,  530, 1626,  504, 1652,  530, 1624,  530, 1624,  530, 1624,  506, 1650,  532, 1622,  530, 1626,  530, 548,  528, 548,  528, 548,  504, 574,  532, 544,  530, 548,  528, 546,  530, 1626,  504, 574,  504, 1650,  530, 546,  506, 570,  506, 572,  528, 1626,  532, 1624,  530, 546,  530, 1626,  530, 546,  530, 1626,  504, 1650,  504, 1652,  530};  // COOLIX B21F28
-> uint64_t data = 0xB21F28;
### TEMP 19
-> Encoding  : COOLIX
-> Code      : B21F38 (24 bits)
-> uint16_t rawData[199] = {4398, 4434,  532, 1624,  532, 548,  530, 1628,  504, 1650,  528, 550,  528, 548,  528, 1626,  530, 546,  530, 548,  530, 1626,  530, 548,  504, 572,  506, 1648,  506, 1652,  502, 574,  506, 1648,  530, 548,  528, 548,  504, 574,  530, 1624,  530, 1626,  532, 1624,  530, 1628,  504, 1648,  532, 1624,  532, 1624,  532, 1624,  532, 546,  530, 546,  506, 572,  504, 574,  504, 574,  528, 548,  528, 548,  506, 1648,  530, 1626,  530, 1626,  530, 546,  504, 574,  504, 574,  504, 1650,  530, 1626,  530, 546,  530, 548,  530, 548,  504, 1652,  526, 1628,  530, 1626,  528, 5228,  4398, 4438,  530, 1626,  504, 574,  504, 1650,  530, 1626,  526, 550,  530, 548,  504, 1650,  506, 572,  504, 572,  504, 1652,  530, 548,  530, 548,  528, 1628,  528, 1628,  528, 548,  528, 1628,  528, 550,  528, 550,  530, 546,  506, 1652,  504, 1650,  528, 1626,  530, 1626,  506, 1652,  504, 1648,  506, 1650,  528, 1628,  504, 572,  530, 548,  532, 546,  504, 574,  528, 550,  502, 574,  504, 574,  506, 1650,  506, 1648,  528, 1628,  528, 548,  504, 572,  506, 572,  504, 1652,  526, 1628,  528, 548,  528, 550,  530, 546,  506, 1650,  504, 1650,  508, 1650,  530};  // COOLIX B21F38
-> uint64_t data = 0xB21F38;
### TEMP 18
-> Encoding  : COOLIX
-> Code      : B21F18 (24 bits)
-> uint16_t rawData[199] = {4396, 4438,  506, 1650,  532, 546,  504, 1652,  504, 1652,  504, 572,  504, 574,  530, 1626,  504, 572,  520, 558,  530, 1626,  506, 570,  504, 572,  530, 1624,  530, 1626,  530, 548,  530, 1622,  506, 572,  504, 572,  528, 548,  504, 1652,  528, 1626,  504, 1652,  504, 1650,  504, 1650,  528, 1626,  504, 1652,  504, 1650,  528, 548,  504, 572,  530, 548,  528, 548,  506, 572,  530, 546,  532, 544,  530, 546,  504, 1652,  530, 1626,  530, 548,  506, 570,  530, 546,  530, 1626,  532, 1624,  530, 1626,  506, 572,  530, 546,  504, 1652,  528, 1624,  532, 1626,  528, 5230,  4394, 4440,  504, 1650,  530, 546,  506, 1650,  506, 1648,  532, 546,  504, 572,  504, 1650,  532, 546,  526, 552,  528, 1626,  504, 574,  530, 546,  530, 1624,  530, 1626,  530, 546,  510, 1648,  506, 570,  504, 572,  534, 544,  530, 1624,  532, 1624,  530, 1628,  528, 1628,  528, 1626,  530, 1626,  530, 1626,  530, 1626,  528, 548,  530, 548,  528, 550,  528, 548,  532, 544,  532, 546,  530, 546,  506, 570,  532, 1624,  530, 1626,  530, 548,  528, 546,  506, 572,  530, 1626,  506, 1650,  530, 1626,  504, 572,  506, 572,  504, 1650,  528, 1628,  530, 1624,  504};  // COOLIX B21F18
-> uint64_t data = 0xB21F18;
### TEMP 17
-> Encoding  : COOLIX
-> Code      : B21F08 (24 bits)
-> uint16_t rawData[199] = {4396, 4438,  504, 1650,  530, 548,  530, 1626,  504, 1650,  506, 570,  530, 548,  530, 1622,  506, 572,  530, 548,  504, 1650,  504, 572,  504, 574,  530, 1624,  526, 1628,  530, 548,  506, 1648,  530, 548,  530, 548,  528, 548,  530, 1624,  530, 1626,  530, 1626,  504, 1648,  506, 1650,  504, 1650,  504, 1650,  530, 1626,  506, 572,  528, 550,  530, 548,  530, 546,  530, 546,  508, 570,  530, 548,  532, 546,  530, 548,  528, 1626,  530, 548,  528, 548,  530, 548,  530, 1624,  504, 1650,  506, 1648,  504, 1652,  528, 548,  528, 1628,  530, 1624,  504, 1652,  504, 5252,  4370, 4462,  506, 1650,  504, 574,  504, 1650,  530, 1624,  506, 574,  528, 548,  506, 1648,  506, 572,  530, 548,  530, 1624,  530, 548,  530, 548,  504, 1650,  504, 1652,  530, 546,  528, 1626,  532, 546,  506, 572,  504, 572,  506, 1650,  530, 1628,  528, 1624,  506, 1650,  530, 1626,  528, 1626,  530, 1626,  530, 1626,  528, 548,  530, 548,  504, 572,  530, 548,  510, 566,  530, 546,  532, 546,  530, 546,  532, 546,  504, 1652,  530, 548,  532, 546,  508, 570,  530, 1626,  528, 1628,  504, 1650,  504, 1652,  504, 572,  530, 1624,  506, 1650,  528, 1628,  530};  // COOLIX B21F08
-> uint64_t data = 0xB21F08;

## REMOVE OFF AC
-> Encoding  : COOLIX
-> Code      : B2BFC0 (24 bits)
-> uint16_t rawData[199] = {4398, 4434,  530, 1624,  530, 548,  532, 1624,  532, 1622,  532, 544,  532, 546,  530, 1624,  530, 548,  530, 548,  530, 1622,  532, 546,  532, 544,  534, 1622,  532, 1624,  530, 548,  530, 1624,  530, 1624,  532, 544,  532, 1624,  532, 1624,  530, 1626,  530, 1622,  532, 1624,  530, 1624,  532, 546,  532, 1622,  532, 544,  532, 546,  532, 546,  530, 548,  530, 548,  532, 544,  530, 1624,  532, 1622,  532, 548,  530, 546,  530, 546,  532, 544,  532, 546,  532, 544,  530, 546,  534, 544,  532, 1622,  532, 1624,  532, 1622,  532, 1622,  532, 1624,  530, 1624,  532, 5226,  4396, 4434,  532, 1622,  532, 542,  532, 1624,  532, 1622,  532, 544,  532, 544,  534, 1622,  532, 546,  530, 548,  530, 1624,  530, 548,  530, 544,  532, 1624,  532, 1624,  530, 546,  530, 1624,  530, 1624,  530, 546,  534, 1622,  532, 1624,  532, 1622,  532, 1622,  530, 1626,  530, 1624,  534, 544,  532, 1622,  532, 544,  532, 546,  532, 544,  532, 546,  530, 546,  534, 544,  532, 1624,  530, 1622,  532, 544,  532, 546,  532, 546,  532, 546,  534, 544,  532, 544,  532, 544,  532, 544,  532, 1622,  532, 1622,  534, 1622,  532, 1624,  532, 1624,  534, 1622,  532};  // COOLIX B2BFC0
-> uint64_t data = 0xB2BFC0;


## JUST ON = MODE COOL | FAN AUTO | TEMP 25
-> Encoding  : COOLIX
-> Code      : B2BFC0 (24 bits)
-> uint16_t rawData[199] = {4394, 4440,  506, 1650,  504, 572,  528, 1628,  504, 1652,  504, 574,  526, 550,  526, 1628,  504, 572,  504, 572,  530, 1626,  528, 550,  526, 552,  528, 1626,  528, 1626,  504, 574,  528, 1626,  504, 1652,  530, 546,  504, 1650,  528, 1628,  526, 1628,  528, 1628,  528, 1626,  528, 1626,  504, 574,  502, 1654,  524, 552,  526, 550,  504, 574,  502, 574,  504, 574,  502, 574,  502, 1654,  500, 1654,  526, 550,  504, 574,  504, 574,  502, 574,  528, 550,  504, 576,  524, 550,  502, 576,  526, 1628,  502, 1650,  506, 1650,  526, 1630,  504, 1650,  528, 1626,  504, 5252,  4394, 4438,  526, 1630,  504, 572,  528, 1626,  528, 1628,  526, 550,  502, 576,  528, 1626,  502, 572,  504, 576,  526, 1628,  528, 550,  502, 574,  526, 1630,  528, 1626,  504, 574,  506, 1648,  528, 1626,  528, 550,  528, 1626,  504, 1650,  530, 1626,  502, 1654,  526, 1626,  528, 1628,  526, 550,  504, 1652,  526, 550,  526, 550,  526, 550,  526, 550,  528, 548,  502, 576,  528, 1626,  504, 1650,  528, 550,  524, 552,  502, 574,  528, 550,  528, 550,  528, 548,  528, 550,  528, 550,  528, 1626,  526, 1630,  528, 1626,  526, 1628,  526, 1626,  506, 1652,  526};  // COOLIX B2BFC0
-> uint64_t data = 0xB2BFC0;
-> 
